<?xml version="1.0" encoding="UTF-8"?>
<!-- Generated by org.testng.reporters.JUnitReportReporter -->
<testsuite skipped="0" hostname="DESKTOP-76IQILO" name="com.training.sanity.tests.RTTC_004_Test" tests="1" failures="0" timestamp="27 Feb 2019 19:28:38 GMT" time="150.259" errors="0">
  <testcase name="rTTC_004_Test" time="150.259" classname="com.training.sanity.tests.RTTC_004_Test"/>
</testsuite> <!-- com.training.sanity.tests.RTTC_004_Test -->
