<?xml version="1.0" encoding="UTF-8"?>
<!-- Generated by org.testng.reporters.JUnitReportReporter -->
<testsuite skipped="0" hostname="DESKTOP-76IQILO" name="com.training.sanity.tests.RTTC_001_Test" tests="1" failures="0" timestamp="18 Feb 2019 12:39:42 GMT" time="36.157" errors="0">
  <testcase name="ValidRegisterTest" time="36.157" classname="com.training.sanity.tests.RTTC_001_Test"/>
</testsuite> <!-- com.training.sanity.tests.RTTC_001_Test -->
