<?xml version="1.0" encoding="UTF-8"?>
<!-- Generated by org.testng.reporters.JUnitReportReporter -->
<testsuite skipped="0" hostname="DESKTOP-76IQILO" name="com.training.sanity.tests.RTTC_031_Test" tests="1" failures="0" timestamp="27 Feb 2019 16:36:11 GMT" time="128.428" errors="0">
  <testcase name="rTTC_031_Test" time="128.428" classname="com.training.sanity.tests.RTTC_031_Test"/>
</testsuite> <!-- com.training.sanity.tests.RTTC_031_Test -->
