<?xml version="1.0" encoding="UTF-8"?>
<!-- Generated by org.testng.reporters.JUnitReportReporter -->
<testsuite skipped="0" hostname="DESKTOP-76IQILO" name="com.training.sanity.tests.RTTC_005_Test" tests="1" failures="0" timestamp="18 Feb 2019 12:25:47 GMT" time="50.181" errors="0">
  <testcase name="rTTC_005_Test" time="50.181" classname="com.training.sanity.tests.RTTC_005_Test"/>
</testsuite> <!-- com.training.sanity.tests.RTTC_005_Test -->
