<?xml version="1.0" encoding="UTF-8"?>
<!-- Generated by org.testng.reporters.JUnitReportReporter -->
<testsuite skipped="0" hostname="DESKTOP-76IQILO" name="com.training.sanity.tests.EditAccountInfoTest" tests="1" failures="0" timestamp="15 Feb 2019 05:40:38 GMT" time="32.094" errors="0">
  <testcase name="editAccountInfoTest" time="32.094" classname="com.training.sanity.tests.EditAccountInfoTest"/>
</testsuite> <!-- com.training.sanity.tests.EditAccountInfoTest -->
