<?xml version="1.0" encoding="UTF-8"?>
<!-- Generated by org.testng.reporters.JUnitReportReporter -->
<testsuite skipped="0" hostname="DESKTOP-76IQILO" name="com.training.sanity.tests.RegisterTest" tests="1" failures="0" timestamp="18 Feb 2019 10:48:43 GMT" time="28.116" errors="0">
  <testcase name="ValidRegisterTest" time="28.116" classname="com.training.sanity.tests.RegisterTest"/>
</testsuite> <!-- com.training.sanity.tests.RegisterTest -->
