<?xml version="1.0" encoding="UTF-8"?>
<!-- Generated by org.testng.reporters.JUnitReportReporter -->
<testsuite skipped="0" hostname="DESKTOP-76IQILO" name="com.training.sanity.tests.RTTC_005_Test" tests="1" failures="0" timestamp="27 Feb 2019 19:32:46 GMT" time="192.024" errors="0">
  <testcase name="rTTC_005_Test" time="192.024" classname="com.training.sanity.tests.RTTC_005_Test"/>
</testsuite> <!-- com.training.sanity.tests.RTTC_005_Test -->
