<?xml version="1.0" encoding="UTF-8"?>
<!-- Generated by org.testng.reporters.JUnitReportReporter -->
<testsuite skipped="0" hostname="DESKTOP-76IQILO" name="com.training.sanity.tests.RTTC_032_Test2" tests="1" failures="0" timestamp="19 Feb 2019 12:25:51 GMT" time="34.346" errors="0">
  <testcase name="rTTC_032_Test1" time="34.346" classname="com.training.sanity.tests.RTTC_032_Test2"/>
</testsuite> <!-- com.training.sanity.tests.RTTC_032_Test2 -->
