<?xml version="1.0" encoding="UTF-8"?>
<!-- Generated by org.testng.reporters.JUnitReportReporter -->
<testsuite skipped="0" hostname="DESKTOP-76IQILO" name="com.training.sanity.tests.RTTC_032_Test1" tests="1" failures="0" timestamp="27 Feb 2019 16:53:07 GMT" time="117.096" errors="0">
  <testcase name="rTTC_032_Test1" time="117.096" classname="com.training.sanity.tests.RTTC_032_Test1"/>
</testsuite> <!-- com.training.sanity.tests.RTTC_032_Test1 -->
