<?xml version="1.0" encoding="UTF-8"?>
<!-- Generated by org.testng.reporters.JUnitReportReporter -->
<testsuite skipped="0" hostname="DESKTOP-76IQILO" name="com.training.sanity.tests.RTTC_003_Test" tests="1" failures="0" timestamp="27 Feb 2019 19:15:48 GMT" time="169.681" errors="0">
  <testcase name="rTTC_003_Test" time="169.681" classname="com.training.sanity.tests.RTTC_003_Test"/>
</testsuite> <!-- com.training.sanity.tests.RTTC_003_Test -->
