<?xml version="1.0" encoding="UTF-8"?>
<!-- Generated by org.testng.reporters.JUnitReportReporter -->
<testsuite skipped="0" hostname="DESKTOP-76IQILO" name="com.training.sanity.tests.RTTC_064_Test" tests="1" failures="0" timestamp="08 Mar 2019 05:30:59 GMT" time="14.440" errors="0">
  <testcase name="rTTC_064_Test" time="14.440" classname="com.training.sanity.tests.RTTC_064_Test"/>
</testsuite> <!-- com.training.sanity.tests.RTTC_064_Test -->
