<?xml version="1.0" encoding="UTF-8"?>
<!-- Generated by org.testng.reporters.JUnitReportReporter -->
<testsuite skipped="0" hostname="DESKTOP-76IQILO" name="com.training.sanity.tests.recoverPasswordTest" tests="1" failures="0" timestamp="18 Feb 2019 10:46:58 GMT" time="28.500" errors="0">
  <testcase name="RecoverPasswordTest" time="28.500" classname="com.training.sanity.tests.recoverPasswordTest"/>
</testsuite> <!-- com.training.sanity.tests.recoverPasswordTest -->
