<?xml version="1.0" encoding="UTF-8"?>
<!-- Generated by org.testng.reporters.JUnitReportReporter -->
<testsuite skipped="0" hostname="DESKTOP-76IQILO" name="com.training.sanity.tests.RTTC_065_Test" tests="1" failures="0" timestamp="08 Mar 2019 05:36:54 GMT" time="36.446" errors="0">
  <testcase name="rTTC_065_Test" time="36.446" classname="com.training.sanity.tests.RTTC_065_Test"/>
</testsuite> <!-- com.training.sanity.tests.RTTC_065_Test -->
