<?xml version="1.0" encoding="UTF-8"?>
<!-- Generated by org.testng.reporters.JUnitReportReporter -->
<testsuite skipped="0" hostname="DESKTOP-76IQILO" name="com.training.sanity.tests.VerifyCredentialsTest" tests="1" failures="0" timestamp="18 Feb 2019 10:52:18 GMT" time="100.370" errors="0">
  <testcase name="verifyCredentialsTest" time="100.370" classname="com.training.sanity.tests.VerifyCredentialsTest"/>
</testsuite> <!-- com.training.sanity.tests.VerifyCredentialsTest -->
