<?xml version="1.0" encoding="UTF-8"?>
<!-- Generated by org.testng.reporters.JUnitReportReporter -->
<testsuite skipped="0" hostname="DESKTOP-76IQILO" name="com.training.sanity.tests.RTTC_061_Test" tests="1" failures="0" timestamp="08 Mar 2019 05:32:29 GMT" time="33.115" errors="0">
  <testcase name="rTTC_061_Test" time="33.115" classname="com.training.sanity.tests.RTTC_061_Test"/>
</testsuite> <!-- com.training.sanity.tests.RTTC_061_Test -->
