<?xml version="1.0" encoding="UTF-8"?>
<!-- Generated by org.testng.reporters.JUnitReportReporter -->
<testsuite skipped="0" hostname="DESKTOP-76IQILO" name="com.training.regression.tests.LoginDBTest" tests="1" failures="0" timestamp="06 Mar 2019 04:56:07 GMT" time="12.858" errors="0">
  <testcase name="loginDBTest" time="12.858" classname="com.training.regression.tests.LoginDBTest"/>
</testsuite> <!-- com.training.regression.tests.LoginDBTest -->
