<?xml version="1.0" encoding="UTF-8"?>
<!-- Generated by org.testng.reporters.JUnitReportReporter -->
<testsuite skipped="0" hostname="DESKTOP-76IQILO" name="com.training.sanity.tests.RTTC_001_Test" tests="1" failures="0" timestamp="27 Feb 2019 19:10:10 GMT" time="197.606" errors="0">
  <testcase name="rTTC_001_Test" time="197.606" classname="com.training.sanity.tests.RTTC_001_Test"/>
</testsuite> <!-- com.training.sanity.tests.RTTC_001_Test -->
