<?xml version="1.0" encoding="UTF-8"?>
<!-- Generated by org.testng.reporters.JUnitReportReporter -->
<testsuite skipped="0" hostname="DESKTOP-76IQILO" name="com.training.sanity.tests.RTTC_034_Test" tests="1" failures="0" timestamp="27 Feb 2019 18:41:57 GMT" time="129.198" errors="0">
  <testcase name="rTTC_034_Test" time="129.198" classname="com.training.sanity.tests.RTTC_034_Test"/>
</testsuite> <!-- com.training.sanity.tests.RTTC_034_Test -->
