<?xml version="1.0" encoding="UTF-8"?>
<!-- Generated by org.testng.reporters.JUnitReportReporter -->
<testsuite skipped="0" hostname="DESKTOP-76IQILO" name="com.training.sanity.tests.RTTC_003_Test" tests="1" failures="0" timestamp="18 Feb 2019 12:46:29 GMT" time="34.723" errors="0">
  <testcase name="rTTC_003_Test" time="34.723" classname="com.training.sanity.tests.RTTC_003_Test"/>
</testsuite> <!-- com.training.sanity.tests.RTTC_003_Test -->
