<?xml version="1.0" encoding="UTF-8"?>
<!-- Generated by org.testng.reporters.JUnitReportReporter -->
<testsuite skipped="0" hostname="DESKTOP-76IQILO" name="com.training.sanity.tests.RTTC_033_Test" tests="1" failures="0" timestamp="27 Feb 2019 17:21:18 GMT" time="116.776" errors="0">
  <testcase name="rTTC_033_Test" time="116.776" classname="com.training.sanity.tests.RTTC_033_Test"/>
</testsuite> <!-- com.training.sanity.tests.RTTC_033_Test -->
