<?xml version="1.0" encoding="UTF-8"?>
<!-- Generated by org.testng.reporters.JUnitReportReporter -->
<testsuite skipped="0" hostname="DESKTOP-76IQILO" name="com.training.sanity.tests.RTTC_002_Test" tests="1" failures="0" timestamp="27 Feb 2019 19:12:48 GMT" time="134.569" errors="0">
  <testcase name="rTTC_002_Test" time="134.569" classname="com.training.sanity.tests.RTTC_002_Test"/>
</testsuite> <!-- com.training.sanity.tests.RTTC_002_Test -->
