<?xml version="1.0" encoding="UTF-8"?>
<!-- Generated by org.testng.reporters.JUnitReportReporter -->
<testsuite skipped="0" hostname="DESKTOP-76IQILO" name="com.training.sanity.tests.RTTC_033_Test" tests="1" failures="0" timestamp="07 Mar 2019 14:30:46 GMT" time="70.115" errors="0">
  <testcase name="rTTC_033_Test" time="70.115" classname="com.training.sanity.tests.RTTC_033_Test"/>
</testsuite> <!-- com.training.sanity.tests.RTTC_033_Test -->
