<?xml version="1.0" encoding="UTF-8"?>
<!-- Generated by org.testng.reporters.JUnitReportReporter -->
<testsuite skipped="0" hostname="DESKTOP-76IQILO" name="com.training.sanity.tests.RTTC_035_Test" tests="1" failures="0" timestamp="07 Mar 2019 07:43:39 GMT" time="21.773" errors="0">
  <testcase name="rTTC_035_Test" time="21.773" classname="com.training.sanity.tests.RTTC_035_Test"/>
</testsuite> <!-- com.training.sanity.tests.RTTC_035_Test -->
