<?xml version="1.0" encoding="UTF-8"?>
<!-- Generated by org.testng.reporters.JUnitReportReporter -->
<testsuite skipped="0" hostname="DESKTOP-76IQILO" name="com.training.sanity.tests.RTTC_063_Test" tests="3" failures="0" timestamp="08 Mar 2019 05:27:16 GMT" time="89.518" errors="0">
  <testcase name="RTTC063Test" time="29.642" classname="com.training.sanity.tests.RTTC_063_Test"/>
  <testcase name="RTTC063Test" time="28.970" classname="com.training.sanity.tests.RTTC_063_Test"/>
  <testcase name="RTTC063Test" time="30.906" classname="com.training.sanity.tests.RTTC_063_Test"/>
</testsuite> <!-- com.training.sanity.tests.RTTC_063_Test -->
